<?xml version="1.0" encoding="UTF-8"?>
<!-- Generated by org.testng.reporters.JUnitReportReporter -->
<testsuite ignored="0" hostname="karishmas-MacBook-Air.local" failures="0" tests="1" name="org.testing.TestScripts2.TC1" time="1.600" errors="0" timestamp="22 Dec 2021 17:55:43 GMT" skipped="0">
  <testcase classname="org.testing.TestScripts2.TC1" name="testCase1" time="1.600"/>
</testsuite> <!-- org.testing.TestScripts2.TC1 -->
