<?xml version="1.0" encoding="UTF-8"?>
<!-- Generated by org.testng.reporters.JUnitReportReporter -->
<testsuite ignored="0" hostname="karishmas-MacBook-Air.local" failures="0" tests="1" name="org.testing.TestScripts2.TC5" time="0.035" errors="0" timestamp="22 Dec 2021 17:55:43 GMT" skipped="0">
  <testcase classname="org.testing.TestScripts2.TC5" name="testCase5" time="0.035"/>
</testsuite> <!-- org.testing.TestScripts2.TC5 -->
