<?xml version="1.0" encoding="UTF-8"?>
<!-- Generated by org.testng.reporters.JUnitReportReporter -->
<testsuite ignored="0" hostname="karishmas-MacBook-Air.local" failures="0" tests="1" name="org.testing.TestScripts2.TC6" time="0.061" errors="0" timestamp="30 Jan 2022 14:07:19 GMT" skipped="0">
  <testcase classname="org.testing.TestScripts2.TC6" name="Testcase6" time="0.061"/>
</testsuite> <!-- org.testing.TestScripts2.TC6 -->
