<?xml version="1.0" encoding="UTF-8"?>
<!-- Generated by org.testng.reporters.JUnitReportReporter -->
<testsuite ignored="0" hostname="karishmas-MacBook-Air.local" failures="0" tests="1" name="org.testing.TestScripts2.TC3" time="0.033" errors="0" timestamp="30 Jan 2022 14:07:19 GMT" skipped="0">
  <testcase classname="org.testing.TestScripts2.TC3" name="testCase3" time="0.033"/>
</testsuite> <!-- org.testing.TestScripts2.TC3 -->
